<?xml version="1.0" encoding="UTF-8"?>
<coverage generated="1439398660">
  <project timestamp="1439398660">
    <package name="Omnipay\Pagarme">
      <file name="/home/edneioliveira/Sites/packages/omnipay-pagarme/src/Gateway.php">
        <class name="Gateway" namespace="Omnipay\Pagarme">
          <metrics methods="11" coveredmethods="11" conditionals="0" coveredconditionals="0" statements="12" coveredstatements="12" elements="23" coveredelements="23"/>
        </class>
        <line num="83" type="method" name="getName" crap="1" count="1"/>
        <line num="85" type="stmt" count="1"/>
        <line num="93" type="method" name="getDefaultParameters" crap="1" count="32"/>
        <line num="96" type="stmt" count="32"/>
        <line num="97" type="stmt" count="32"/>
        <line num="108" type="method" name="getApiKey" crap="1" count="1"/>
        <line num="110" type="stmt" count="1"/>
        <line num="133" type="method" name="setApiKey" crap="1" count="7"/>
        <line num="135" type="stmt" count="7"/>
        <line num="169" type="method" name="authorize" crap="1" count="3"/>
        <line num="171" type="stmt" count="3"/>
        <line num="182" type="method" name="capture" crap="1" count="3"/>
        <line num="184" type="stmt" count="3"/>
        <line num="219" type="method" name="purchase" crap="1" count="3"/>
        <line num="221" type="stmt" count="3"/>
        <line num="236" type="method" name="refund" crap="1" count="3"/>
        <line num="238" type="stmt" count="3"/>
        <line num="252" type="method" name="void" crap="1" count="3"/>
        <line num="254" type="stmt" count="3"/>
        <line num="270" type="method" name="createCard" crap="1" count="8"/>
        <line num="272" type="stmt" count="8"/>
        <line num="285" type="method" name="createCustomer" crap="1" count="1"/>
        <line num="287" type="stmt" count="1"/>
        <line num="290" type="stmt" count="1"/>
        <metrics loc="289" ncloc="65" classes="1" methods="11" coveredmethods="11" conditionals="0" coveredconditionals="0" statements="12" coveredstatements="12" elements="23" coveredelements="23"/>
      </file>
    </package>
    <package name="Omnipay\Pagarme\Message">
      <file name="/home/edneioliveira/Sites/packages/omnipay-pagarme/src/Message/AbstractRequest.php">
        <class name="AbstractRequest" namespace="Omnipay\Pagarme\Message">
          <metrics methods="18" coveredmethods="17" conditionals="0" coveredconditionals="0" statements="82" coveredstatements="81" elements="100" coveredelements="98"/>
        </class>
        <line num="25" type="method" name="getApiKey" crap="1" count="23"/>
        <line num="27" type="stmt" count="23"/>
        <line num="35" type="method" name="setApiKey" crap="1" count="19"/>
        <line num="37" type="stmt" count="19"/>
        <line num="45" type="method" name="getCustomerReference" crap="1" count="3"/>
        <line num="47" type="stmt" count="3"/>
        <line num="58" type="method" name="setCustomerReference" crap="1" count="2"/>
        <line num="60" type="stmt" count="2"/>
        <line num="68" type="method" name="getCardHash" crap="1" count="3"/>
        <line num="70" type="stmt" count="3"/>
        <line num="80" type="method" name="setCardHash" crap="1" count="1"/>
        <line num="82" type="stmt" count="1"/>
        <line num="90" type="method" name="getMetadata" crap="1" count="10"/>
        <line num="92" type="stmt" count="10"/>
        <line num="100" type="method" name="setMetadata" crap="1" count="8"/>
        <line num="102" type="stmt" count="8"/>
        <line num="111" type="method" name="insertApiKeyToData" crap="1" count="17"/>
        <line num="113" type="stmt" count="17"/>
        <line num="115" type="stmt" count="17"/>
        <line num="125" type="method" name="getHttpMethod" crap="1" count="16"/>
        <line num="127" type="stmt" count="16"/>
        <line num="130" type="method" name="sendData" crap="2" count="16"/>
        <line num="133" type="stmt" count="16"/>
        <line num="134" type="stmt" count="16"/>
        <line num="135" type="method" name="anonymous function" crap="2" count="16"/>
        <line num="136" type="stmt" count="7"/>
        <line num="137" type="stmt" count="7"/>
        <line num="138" type="stmt" count="7"/>
        <line num="139" type="stmt" count="7"/>
        <line num="140" type="stmt" count="16"/>
        <line num="142" type="stmt" count="16"/>
        <line num="143" type="stmt" count="16"/>
        <line num="144" type="stmt" count="16"/>
        <line num="145" type="stmt" count="16"/>
        <line num="146" type="stmt" count="16"/>
        <line num="147" type="stmt" count="16"/>
        <line num="148" type="stmt" count="16"/>
        <line num="150" type="stmt" count="16"/>
        <line num="153" type="method" name="getEndpoint" crap="1" count="1"/>
        <line num="155" type="stmt" count="1"/>
        <line num="158" type="method" name="createResponse" crap="2" count="0"/>
        <line num="160" type="stmt" count="0"/>
        <line num="173" type="method" name="getCardData" crap="2" count="12"/>
        <line num="175" type="stmt" count="12"/>
        <line num="176" type="stmt" count="12"/>
        <line num="178" type="stmt" count="12"/>
        <line num="179" type="stmt" count="12"/>
        <line num="180" type="stmt" count="12"/>
        <line num="181" type="stmt" count="12"/>
        <line num="182" type="stmt" count="12"/>
        <line num="183" type="stmt" count="11"/>
        <line num="184" type="stmt" count="11"/>
        <line num="185" type="stmt" count="12"/>
        <line num="187" type="stmt" count="12"/>
        <line num="199" type="method" name="getCustomerData" crap="4" count="13"/>
        <line num="201" type="stmt" count="13"/>
        <line num="202" type="stmt" count="13"/>
        <line num="204" type="stmt" count="13"/>
        <line num="205" type="stmt" count="13"/>
        <line num="206" type="stmt" count="13"/>
        <line num="207" type="stmt" count="13"/>
        <line num="209" type="stmt" count="13"/>
        <line num="210" type="stmt" count="13"/>
        <line num="211" type="stmt" count="4"/>
        <line num="212" type="stmt" count="4"/>
        <line num="213" type="stmt" count="4"/>
        <line num="214" type="stmt" count="3"/>
        <line num="215" type="stmt" count="3"/>
        <line num="216" type="stmt" count="4"/>
        <line num="218" type="stmt" count="13"/>
        <line num="219" type="stmt" count="13"/>
        <line num="220" type="stmt" count="9"/>
        <line num="221" type="stmt" count="9"/>
        <line num="223" type="stmt" count="13"/>
        <line num="236" type="method" name="extractDddPhone" crap="3" count="15"/>
        <line num="238" type="stmt" count="15"/>
        <line num="239" type="stmt" count="15"/>
        <line num="240" type="stmt" count="15"/>
        <line num="241" type="stmt" count="3"/>
        <line num="242" type="stmt" count="3"/>
        <line num="243" type="stmt" count="15"/>
        <line num="244" type="stmt" count="6"/>
        <line num="245" type="stmt" count="6"/>
        <line num="246" type="stmt" count="6"/>
        <line num="247" type="stmt" count="8"/>
        <line num="248" type="stmt" count="8"/>
        <line num="251" type="stmt" count="15"/>
        <line num="268" type="method" name="extractAddress" crap="4" count="15"/>
        <line num="270" type="stmt" count="15"/>
        <line num="271" type="stmt" count="15"/>
        <line num="273" type="stmt" count="15"/>
        <line num="274" type="stmt" count="15"/>
        <line num="275" type="stmt" count="15"/>
        <line num="277" type="stmt" count="15"/>
        <line num="859" type="stmt" count="16"/>
        <metrics loc="278" ncloc="166" classes="1" methods="18" coveredmethods="17" conditionals="0" coveredconditionals="0" statements="77" coveredstatements="76" elements="95" coveredelements="93"/>
      </file>
      <file name="/home/edneioliveira/Sites/packages/omnipay-pagarme/src/Message/AuthorizeRequest.php">
        <class name="AuthorizeRequest" namespace="Omnipay\Pagarme\Message">
          <metrics methods="10" coveredmethods="10" conditionals="0" coveredconditionals="0" statements="42" coveredstatements="36" elements="52" coveredelements="46"/>
        </class>
        <line num="98" type="method" name="getPostbackUrl" crap="1" count="10"/>
        <line num="100" type="stmt" count="10"/>
        <line num="109" type="method" name="setPostbackUrl" crap="1" count="8"/>
        <line num="111" type="stmt" count="8"/>
        <line num="119" type="method" name="getInstallments" crap="1" count="10"/>
        <line num="121" type="stmt" count="10"/>
        <line num="133" type="method" name="setInstallments" crap="1" count="8"/>
        <line num="135" type="stmt" count="8"/>
        <line num="143" type="method" name="getSoftDescriptor" crap="1" count="10"/>
        <line num="145" type="stmt" count="10"/>
        <line num="157" type="method" name="setSoftDescriptor" crap="1" count="8"/>
        <line num="159" type="stmt" count="8"/>
        <line num="167" type="method" name="getBoletoExpirationDate" crap="2" count="2"/>
        <line num="169" type="stmt" count="2"/>
        <line num="171" type="stmt" count="2"/>
        <line num="180" type="method" name="setBoletoExpirationDate" crap="2.02" count="1"/>
        <line num="182" type="stmt" count="1"/>
        <line num="183" type="stmt" count="1"/>
        <line num="184" type="stmt" count="1"/>
        <line num="185" type="stmt" count="1"/>
        <line num="186" type="stmt" count="0"/>
        <line num="189" type="stmt" count="1"/>
        <line num="192" type="method" name="getData" crap="8.41" count="10"/>
        <line num="194" type="stmt" count="10"/>
        <line num="196" type="stmt" count="10"/>
        <line num="198" type="stmt" count="10"/>
        <line num="199" type="stmt" count="10"/>
        <line num="200" type="stmt" count="10"/>
        <line num="201" type="stmt" count="10"/>
        <line num="202" type="stmt" count="10"/>
        <line num="203" type="stmt" count="10"/>
        <line num="204" type="stmt" count="10"/>
        <line num="205" type="stmt" count="1"/>
        <line num="206" type="stmt" count="0"/>
        <line num="207" type="stmt" count="0"/>
        <line num="208" type="stmt" count="1"/>
        <line num="209" type="stmt" count="1"/>
        <line num="210" type="stmt" count="1"/>
        <line num="211" type="stmt" count="1"/>
        <line num="212" type="stmt" count="1"/>
        <line num="213" type="stmt" count="9"/>
        <line num="214" type="stmt" count="8"/>
        <line num="215" type="stmt" count="9"/>
        <line num="216" type="stmt" count="0"/>
        <line num="217" type="stmt" count="1"/>
        <line num="218" type="stmt" count="0"/>
        <line num="219" type="stmt" count="0"/>
        <line num="220" type="stmt" count="1"/>
        <line num="223" type="stmt" count="9"/>
        <line num="225" type="stmt" count="9"/>
        <line num="228" type="method" name="getEndpoint" crap="1" count="7"/>
        <line num="230" type="stmt" count="7"/>
        <line num="233" type="stmt" count="1"/>
        <metrics loc="232" ncloc="96" classes="1" methods="10" coveredmethods="8" conditionals="0" coveredconditionals="0" statements="42" coveredstatements="36" elements="52" coveredelements="44"/>
      </file>
      <file name="/home/edneioliveira/Sites/packages/omnipay-pagarme/src/Message/CaptureRequest.php">
        <class name="CaptureRequest" namespace="Omnipay\Pagarme\Message">
          <metrics methods="2" coveredmethods="2" conditionals="0" coveredconditionals="0" statements="4" coveredstatements="4" elements="6" coveredelements="6"/>
        </class>
        <line num="25" type="method" name="getData" crap="1" count="2"/>
        <line num="27" type="stmt" count="2"/>
        <line num="28" type="stmt" count="2"/>
        <line num="30" type="stmt" count="2"/>
        <line num="33" type="method" name="getEndpoint" crap="1" count="3"/>
        <line num="35" type="stmt" count="3"/>
        <line num="38" type="stmt" count="1"/>
        <metrics loc="37" ncloc="19" classes="1" methods="2" coveredmethods="2" conditionals="0" coveredconditionals="0" statements="4" coveredstatements="4" elements="6" coveredelements="6"/>
      </file>
      <file name="/home/edneioliveira/Sites/packages/omnipay-pagarme/src/Message/CreateCardRequest.php">
        <class name="CreateCardRequest" namespace="Omnipay\Pagarme\Message">
          <metrics methods="2" coveredmethods="2" conditionals="0" coveredconditionals="0" statements="11" coveredstatements="11" elements="13" coveredelements="13"/>
        </class>
        <line num="51" type="method" name="getData" crap="4" count="5"/>
        <line num="53" type="stmt" count="5"/>
        <line num="54" type="stmt" count="3"/>
        <line num="55" type="stmt" count="3"/>
        <line num="56" type="stmt" count="1"/>
        <line num="57" type="stmt" count="1"/>
        <line num="58" type="stmt" count="5"/>
        <line num="59" type="stmt" count="1"/>
        <line num="60" type="stmt" count="1"/>
        <line num="61" type="stmt" count="1"/>
        <line num="64" type="stmt" count="4"/>
        <line num="67" type="method" name="getEndpoint" crap="1" count="3"/>
        <line num="68" type="stmt" count="3"/>
        <metrics loc="69" ncloc="25" classes="1" methods="2" coveredmethods="2" conditionals="0" coveredconditionals="0" statements="11" coveredstatements="11" elements="13" coveredelements="13"/>
      </file>
      <file name="/home/edneioliveira/Sites/packages/omnipay-pagarme/src/Message/CreateCustomerRequest.php">
        <class name="CreateCustomerRequest" namespace="Omnipay\Pagarme\Message">
          <metrics methods="4" coveredmethods="4" conditionals="0" coveredconditionals="0" statements="22" coveredstatements="20" elements="26" coveredelements="24"/>
        </class>
        <line num="93" type="method" name="getCustomerDocument" crap="1" count="6"/>
        <line num="95" type="stmt" count="6"/>
        <line num="103" type="method" name="setCustomerDocument" crap="1" count="7"/>
        <line num="105" type="stmt" count="7"/>
        <line num="108" type="method" name="getData" crap="7.06" count="6"/>
        <line num="110" type="stmt" count="6"/>
        <line num="112" type="stmt" count="6"/>
        <line num="113" type="stmt" count="4"/>
        <line num="114" type="stmt" count="4"/>
        <line num="115" type="stmt" count="4"/>
        <line num="116" type="stmt" count="3"/>
        <line num="117" type="stmt" count="3"/>
        <line num="118" type="stmt" count="3"/>
        <line num="119" type="stmt" count="3"/>
        <line num="120" type="stmt" count="4"/>
        <line num="122" type="stmt" count="6"/>
        <line num="123" type="stmt" count="4"/>
        <line num="124" type="stmt" count="4"/>
        <line num="127" type="stmt" count="6"/>
        <line num="128" type="stmt" count="2"/>
        <line num="129" type="stmt" count="2"/>
        <line num="130" type="stmt" count="0"/>
        <line num="131" type="stmt" count="0"/>
        <line num="133" type="stmt" count="4"/>
        <line num="136" type="method" name="getEndpoint" crap="1" count="3"/>
        <line num="138" type="stmt" count="3"/>
        <line num="141" type="stmt" count="1"/>
        <metrics loc="140" ncloc="47" classes="1" methods="4" coveredmethods="3" conditionals="0" coveredconditionals="0" statements="22" coveredstatements="20" elements="26" coveredelements="23"/>
      </file>
      <file name="/home/edneioliveira/Sites/packages/omnipay-pagarme/src/Message/PurchaseRequest.php">
        <class name="PurchaseRequest" namespace="Omnipay\Pagarme\Message">
          <metrics methods="1" coveredmethods="1" conditionals="0" coveredconditionals="0" statements="3" coveredstatements="3" elements="4" coveredelements="4"/>
        </class>
        <line num="92" type="method" name="getData" crap="1" count="4"/>
        <line num="94" type="stmt" count="4"/>
        <line num="95" type="stmt" count="4"/>
        <line num="96" type="stmt" count="4"/>
        <metrics loc="97" ncloc="12" classes="1" methods="1" coveredmethods="1" conditionals="0" coveredconditionals="0" statements="3" coveredstatements="3" elements="4" coveredelements="4"/>
      </file>
      <file name="/home/edneioliveira/Sites/packages/omnipay-pagarme/src/Message/RefundRequest.php">
        <class name="RefundRequest" namespace="Omnipay\Pagarme\Message">
          <metrics methods="2" coveredmethods="2" conditionals="0" coveredconditionals="0" statements="4" coveredstatements="4" elements="6" coveredelements="6"/>
        </class>
        <line num="39" type="method" name="getData" crap="1" count="2"/>
        <line num="41" type="stmt" count="2"/>
        <line num="43" type="stmt" count="2"/>
        <line num="45" type="stmt" count="2"/>
        <line num="48" type="method" name="getEndpoint" crap="1" count="6"/>
        <line num="50" type="stmt" count="6"/>
        <line num="53" type="stmt" count="1"/>
        <metrics loc="52" ncloc="20" classes="1" methods="2" coveredmethods="2" conditionals="0" coveredconditionals="0" statements="4" coveredstatements="4" elements="6" coveredelements="6"/>
      </file>
      <file name="/home/edneioliveira/Sites/packages/omnipay-pagarme/src/Message/Response.php">
        <class name="Response" namespace="Omnipay\Pagarme\Message">
          <metrics methods="6" coveredmethods="6" conditionals="0" coveredconditionals="0" statements="37" coveredstatements="34" elements="43" coveredelements="40"/>
        </class>
        <line num="21" type="method" name="isSuccessful" crap="3" count="21"/>
        <line num="23" type="stmt" count="21"/>
        <line num="24" type="stmt" count="11"/>
        <line num="26" type="stmt" count="10"/>
        <line num="34" type="method" name="getTransactionReference" crap="3" count="17"/>
        <line num="36" type="stmt" count="17"/>
        <line num="37" type="stmt" count="9"/>
        <line num="40" type="stmt" count="8"/>
        <line num="48" type="method" name="getCardReference" crap="6" count="19"/>
        <line num="50" type="stmt" count="19"/>
        <line num="51" type="stmt" count="1"/>
        <line num="52" type="stmt" count="1"/>
        <line num="54" type="stmt" count="18"/>
        <line num="55" type="stmt" count="9"/>
        <line num="58" type="stmt" count="9"/>
        <line num="66" type="method" name="getCustomerReference" crap="9.49" count="4"/>
        <line num="68" type="stmt" count="4"/>
        <line num="69" type="stmt" count="1"/>
        <line num="71" type="stmt" count="3"/>
        <line num="72" type="stmt" count="1"/>
        <line num="73" type="stmt" count="1"/>
        <line num="75" type="stmt" count="0"/>
        <line num="76" type="stmt" count="2"/>
        <line num="77" type="stmt" count="1"/>
        <line num="78" type="stmt" count="1"/>
        <line num="80" type="stmt" count="0"/>
        <line num="82" type="stmt" count="1"/>
        <line num="92" type="method" name="getMessage" crap="3" count="19"/>
        <line num="94" type="stmt" count="19"/>
        <line num="95" type="stmt" count="11"/>
        <line num="96" type="stmt" count="8"/>
        <line num="98" type="stmt" count="3"/>
        <line num="102" type="stmt" count="8"/>
        <line num="111" type="method" name="getBoleto" crap="4.02" count="3"/>
        <line num="113" type="stmt" count="3"/>
        <line num="114" type="stmt" count="3"/>
        <line num="116" type="stmt" count="1"/>
        <line num="117" type="stmt" count="1"/>
        <line num="118" type="stmt" count="1"/>
        <line num="119" type="stmt" count="1"/>
        <line num="120" type="stmt" count="1"/>
        <line num="122" type="stmt" count="2"/>
        <line num="126" type="stmt" count="0"/>
        <metrics loc="127" ncloc="87" classes="1" methods="6" coveredmethods="4" conditionals="0" coveredconditionals="0" statements="37" coveredstatements="34" elements="43" coveredelements="38"/>
      </file>
      <file name="/home/edneioliveira/Sites/packages/omnipay-pagarme/src/Message/VoidRequest.php">
        <class name="VoidRequest" namespace="Omnipay\Pagarme\Message">
          <metrics methods="1" coveredmethods="1" conditionals="0" coveredconditionals="0" statements="3" coveredstatements="3" elements="4" coveredelements="4"/>
        </class>
        <line num="38" type="method" name="getData" crap="1" count="2"/>
        <line num="40" type="stmt" count="2"/>
        <line num="41" type="stmt" count="2"/>
        <line num="43" type="stmt" count="2"/>
        <line num="47" type="stmt" count="1"/>
        <metrics loc="46" ncloc="14" classes="1" methods="1" coveredmethods="1" conditionals="0" coveredconditionals="0" statements="3" coveredstatements="3" elements="4" coveredelements="4"/>
      </file>
    </package>
    <metrics files="10" loc="1367" ncloc="551" classes="10" methods="57" coveredmethods="51" conditionals="0" coveredconditionals="0" statements="215" coveredstatements="203" elements="272" coveredelements="254"/>
  </project>
</coverage>
